<?xml version="1.0" encoding="UTF-8"?>
<!-- Generated by org.testng.reporters.JUnitXMLReporter -->
<testsuite hostname="LAPTOP-D1795DH4" ignored="0" name="Test" tests="7" failures="5" timestamp="17 Aug 2020 19:07:45 GMT" time="97.621" errors="0">
  <testcase name="loginTest" time="6.784" classname="com.framework1st.testCases.TC_01_LogIn">
    <failure type="java.lang.AssertionError" message="expected [true] but found [false]">
      <![CDATA[java.lang.AssertionError: expected [true] but found [false]
at com.framework1st.testCases.TC_01_LogIn.loginTest(TC_01_LogIn.java:36)
... Removed 29 stack frames]]>
    </failure>
  </testcase> <!-- loginTest -->
  <testcase name="loginTestDDT" time="7.646" classname="com.framework1st.testCases.TC_02_LogInDDT">
    <failure type="java.lang.AssertionError" message="expected [true] but found [false]">
      <![CDATA[java.lang.AssertionError: expected [true] but found [false]
at com.framework1st.testCases.TC_02_LogInDDT.loginTestDDT(TC_02_LogInDDT.java:29)
... Removed 29 stack frames]]>
    </failure>
  </testcase> <!-- loginTestDDT -->
  <testcase name="loginTestDDT" time="10.243" classname="com.framework1st.testCases.TC_02_LogInDDT"/>
  <testcase name="loginTestDDT" time="7.022" classname="com.framework1st.testCases.TC_02_LogInDDT">
    <failure type="java.lang.AssertionError" message="expected [true] but found [false]">
      <![CDATA[java.lang.AssertionError: expected [true] but found [false]
at com.framework1st.testCases.TC_02_LogInDDT.loginTestDDT(TC_02_LogInDDT.java:29)
... Removed 29 stack frames]]>
    </failure>
  </testcase> <!-- loginTestDDT -->
  <testcase name="loginTestDDT" time="9.786" classname="com.framework1st.testCases.TC_02_LogInDDT"/>
  <testcase name="loginTestDDT" time="7.21" classname="com.framework1st.testCases.TC_02_LogInDDT">
    <failure type="java.lang.AssertionError" message="expected [true] but found [false]">
      <![CDATA[java.lang.AssertionError: expected [true] but found [false]
at com.framework1st.testCases.TC_02_LogInDDT.loginTestDDT(TC_02_LogInDDT.java:29)
... Removed 29 stack frames]]>
    </failure>
  </testcase> <!-- loginTestDDT -->
  <testcase name="addNewCustomer" time="14.319" classname="com.framework1st.testCases.TC_03_AddCustomer">
    <failure type="org.openqa.selenium.UnhandledAlertException" message="unexpected alert open: {Alert text : Customer could not be added !!}
  (Session info: chrome=84.0.4147.125): Customer could not be added !!
Build info: version: &amp;apos;3.141.59&amp;apos;, revision: &amp;apos;e82be7d358&amp;apos;, time: &amp;apos;2018-11-14T08:17:03&amp;apos;
System info: host: &amp;apos;LAPTOP-D1795DH4&amp;apos;, ip: &amp;apos;192.168.1.6&amp;apos;, os.name: &amp;apos;Windows 10&amp;apos;, os.arch: &amp;apos;amd64&amp;apos;, os.version: &amp;apos;10.0&amp;apos;, java.version: &amp;apos;1.8.0_231&amp;apos;
Driver info: org.openqa.selenium.chrome.ChromeDriver
Capabilities {acceptInsecureCerts: false, browserName: chrome, browserVersion: 84.0.4147.125, chrome: {chromedriverVersion: 84.0.4147.30 (48b3e868b4cc0..., userDataDir: C:\Users\sushm\AppData\Loca...}, goog:chromeOptions: {debuggerAddress: localhost:63269}, javascriptEnabled: true, networkConnectionEnabled: false, pageLoadStrategy: normal, platform: WINDOWS, platformName: WINDOWS, proxy: Proxy(), setWindowRect: true, strictFileInteractability: false, timeouts: {implicit: 0, pageLoad: 300000, script: 30000}, unhandledPromptBehavior: dismiss and notify, webauthn:virtualAuthenticators: true}
Session ID: d15758ee4261c620d8350ce9b5c11ffb">
      <![CDATA[org.openqa.selenium.UnhandledAlertException: unexpected alert open: {Alert text : Customer could not be added !!}
  (Session info: chrome=84.0.4147.125): Customer could not be added !!
Build info: version: '3.141.59', revision: 'e82be7d358', time: '2018-11-14T08:17:03'
System info: host: 'LAPTOP-D1795DH4', ip: '192.168.1.6', os.name: 'Windows 10', os.arch: 'amd64', os.version: '10.0', java.version: '1.8.0_231'
Driver info: org.openqa.selenium.chrome.ChromeDriver
Capabilities {acceptInsecureCerts: false, browserName: chrome, browserVersion: 84.0.4147.125, chrome: {chromedriverVersion: 84.0.4147.30 (48b3e868b4cc0..., userDataDir: C:\Users\sushm\AppData\Loca...}, goog:chromeOptions: {debuggerAddress: localhost:63269}, javascriptEnabled: true, networkConnectionEnabled: false, pageLoadStrategy: normal, platform: WINDOWS, platformName: WINDOWS, proxy: Proxy(), setWindowRect: true, strictFileInteractability: false, timeouts: {implicit: 0, pageLoad: 300000, script: 30000}, unhandledPromptBehavior: dismiss and notify, webauthn:virtualAuthenticators: true}
Session ID: d15758ee4261c620d8350ce9b5c11ffb
at org.openqa.selenium.remote.http.W3CHttpResponseCodec.decode(W3CHttpResponseCodec.java:120)
at org.openqa.selenium.remote.http.W3CHttpResponseCodec.decode(W3CHttpResponseCodec.java:49)
at org.openqa.selenium.remote.HttpCommandExecutor.execute(HttpCommandExecutor.java:158)
at org.openqa.selenium.remote.service.DriverCommandExecutor.execute(DriverCommandExecutor.java:83)
at org.openqa.selenium.remote.RemoteWebDriver.execute(RemoteWebDriver.java:552)
at org.openqa.selenium.remote.RemoteWebDriver.execute(RemoteWebDriver.java:609)
at org.openqa.selenium.remote.RemoteWebDriver.getPageSource(RemoteWebDriver.java:438)
at com.framework1st.testCases.TC_03_AddCustomer.addNewCustomer(TC_03_AddCustomer.java:43)
... Removed 25 stack frames]]>
    </failure>
  </testcase> <!-- addNewCustomer -->
</testsuite> <!-- Test -->
